22:09:21.488 [main] INFO  testCases.TC001AccountRegistrationTest - ********-Starting-execution for --TC001AccountRegistrationTest---***
22:09:21.495 [main] INFO  testCases.TC001AccountRegistrationTest - ********- Navigating to registraion page--TC001AccountRegistrationTest---***
22:09:21.685 [main] INFO  testCases.TC001AccountRegistrationTest - ********-providing data in to registration form for --TC001AccountRegistrationTest---***
22:09:24.126 [main] INFO  testCases.TC001AccountRegistrationTest - ********-validating registraion success message --TC001AccountRegistrationTest---***
22:11:35.467 [main] INFO  testCases.TC001AccountRegistrationTest - ********-Starting-execution for --TC001AccountRegistrationTest---***
22:11:35.475 [main] INFO  testCases.TC001AccountRegistrationTest - ********- Navigating to registraion page--TC001AccountRegistrationTest---***
22:11:35.679 [main] INFO  testCases.TC001AccountRegistrationTest - ********-providing data in to registration form for --TC001AccountRegistrationTest---***
22:11:38.122 [main] INFO  testCases.TC001AccountRegistrationTest - ********-validating registraion success message --TC001AccountRegistrationTest---***
22:18:46.789 [main] INFO  testCases.TC001AccountRegistrationTest - ********-Starting-execution for --TC001AccountRegistrationTest---***
22:18:46.795 [main] INFO  testCases.TC001AccountRegistrationTest - ********- Navigating to registraion page--TC001AccountRegistrationTest---***
22:18:47.004 [main] INFO  testCases.TC001AccountRegistrationTest - ********-providing data in to registration form for --TC001AccountRegistrationTest---***
22:18:49.472 [main] INFO  testCases.TC001AccountRegistrationTest - ********-validating registraion success message --TC001AccountRegistrationTest---***
07:57:15.123 [main] INFO  testCases.TC001AccountRegistrationTest - ********-Starting-execution for --TC001AccountRegistrationTest---***
07:57:15.129 [main] INFO  testCases.TC001AccountRegistrationTest - ********- Navigating to registraion page--TC001AccountRegistrationTest---***
07:57:15.418 [main] INFO  testCases.TC001AccountRegistrationTest - ********-providing data in to registration form for --TC001AccountRegistrationTest---***
07:57:17.895 [main] INFO  testCases.TC001AccountRegistrationTest - ********-validating registraion success message --TC001AccountRegistrationTest---***
08:10:50.231 [main] INFO  testCases.TC001AccountRegistrationTest - ********-Starting-execution for --TC001AccountRegistrationTest---***
08:10:50.238 [main] INFO  testCases.TC001AccountRegistrationTest - ********- Navigating to registraion page--TC001AccountRegistrationTest---***
08:10:50.424 [main] INFO  testCases.TC001AccountRegistrationTest - ********-providing data in to registration form for --TC001AccountRegistrationTest---***
08:10:52.857 [main] INFO  testCases.TC001AccountRegistrationTest - ********-validating registraion success message --TC001AccountRegistrationTest---***
08:22:43.258 [main] INFO  testCases.TC001AccountRegistrationTest - ********-Starting-execution for --TC001AccountRegistrationTest---***
08:22:43.265 [main] INFO  testCases.TC001AccountRegistrationTest - ********- Navigating to registraion page--TC001AccountRegistrationTest---***
08:22:43.443 [main] INFO  testCases.TC001AccountRegistrationTest - ********-providing data in to registration form for --TC001AccountRegistrationTest---***
08:22:45.873 [main] INFO  testCases.TC001AccountRegistrationTest - ********-validating registraion success message --TC001AccountRegistrationTest---***
08:33:56.861 [main] INFO  testCases.TC001AccountRegistrationTest - ********-Starting-execution for --TC001AccountRegistrationTest---***
08:33:56.867 [main] INFO  testCases.TC001AccountRegistrationTest - ********- Navigating to registraion page--TC001AccountRegistrationTest---***
08:33:57.055 [main] INFO  testCases.TC001AccountRegistrationTest - ********-providing data in to registration form for --TC001AccountRegistrationTest---***
08:33:59.487 [main] INFO  testCases.TC001AccountRegistrationTest - ********-validating registraion success message --TC001AccountRegistrationTest---***
08:35:33.170 [main] INFO  testCases.TC001AccountRegistrationTest - ********-Starting-execution for --TC001AccountRegistrationTest---***
08:35:33.177 [main] INFO  testCases.TC001AccountRegistrationTest - ********- Navigating to registraion page--TC001AccountRegistrationTest---***
08:35:33.360 [main] INFO  testCases.TC001AccountRegistrationTest - ********-providing data in to registration form for --TC001AccountRegistrationTest---***
08:35:35.832 [main] INFO  testCases.TC001AccountRegistrationTest - ********-validating registraion success message --TC001AccountRegistrationTest---***
09:00:45.758 [main] INFO  testCases.TC001AccountRegistrationTest - ********-Starting-execution for --TC001AccountRegistrationTest---***
09:00:45.765 [main] INFO  testCases.TC001AccountRegistrationTest - ********- Navigating to registraion page--TC001AccountRegistrationTest---***
09:00:45.979 [main] INFO  testCases.TC001AccountRegistrationTest - ********-providing data in to registration form for --TC001AccountRegistrationTest---***
09:00:48.433 [main] INFO  testCases.TC001AccountRegistrationTest - ********-validating registraion success message --TC001AccountRegistrationTest---***
09:00:54.978 [main] INFO  testCases.TC001AccountRegistrationTest - ********-Starting-execution for --TC001AccountRegistrationTest---***
09:00:54.978 [main] INFO  testCases.TC001AccountRegistrationTest - ********- Navigating to registraion page--TC001AccountRegistrationTest---***
09:00:55.402 [main] INFO  testCases.TC001AccountRegistrationTest - ********-providing data in to registration form for --TC001AccountRegistrationTest---***
09:00:57.912 [main] INFO  testCases.TC001AccountRegistrationTest - ********-validating registraion success message --TC001AccountRegistrationTest---***
09:04:03.617 [TestNG-tests-1] INFO  testCases.TC001AccountRegistrationTest - ********-Starting-execution for --TC001AccountRegistrationTest---***
09:04:03.624 [TestNG-tests-1] INFO  testCases.TC001AccountRegistrationTest - ********- Navigating to registraion page--TC001AccountRegistrationTest---***
09:04:03.821 [TestNG-tests-1] INFO  testCases.TC001AccountRegistrationTest - ********-providing data in to registration form for --TC001AccountRegistrationTest---***
09:04:04.618 [TestNG-tests-2] INFO  testCases.TC001AccountRegistrationTest - ********-Starting-execution for --TC001AccountRegistrationTest---***
09:04:04.619 [TestNG-tests-2] INFO  testCases.TC001AccountRegistrationTest - ********- Navigating to registraion page--TC001AccountRegistrationTest---***
09:04:05.017 [TestNG-tests-2] INFO  testCases.TC001AccountRegistrationTest - ********-providing data in to registration form for --TC001AccountRegistrationTest---***
09:04:06.278 [TestNG-tests-1] INFO  testCases.TC001AccountRegistrationTest - ********-validating registraion success message --TC001AccountRegistrationTest---***
09:04:07.532 [TestNG-tests-2] INFO  testCases.TC001AccountRegistrationTest - ********-validating registraion success message --TC001AccountRegistrationTest---***
09:07:19.655 [TestNG-tests-1] INFO  testCases.TC001AccountRegistrationTest - ********-Starting-execution for --TC001AccountRegistrationTest---***
09:07:19.662 [TestNG-tests-1] INFO  testCases.TC001AccountRegistrationTest - ********- Navigating to registraion page--TC001AccountRegistrationTest---***
09:07:19.866 [TestNG-tests-1] INFO  testCases.TC001AccountRegistrationTest - ********-providing data in to registration form for --TC001AccountRegistrationTest---***
09:07:22.325 [TestNG-tests-1] INFO  testCases.TC001AccountRegistrationTest - ********-validating registraion success message --TC001AccountRegistrationTest---***
09:11:42.890 [TestNG-tests-1] INFO  testCases.TC001AccountRegistrationTest - ********-Starting-execution for --TC001AccountRegistrationTest---***
09:11:42.896 [TestNG-tests-1] INFO  testCases.TC001AccountRegistrationTest - ********- Navigating to registraion page--TC001AccountRegistrationTest---***
09:11:43.101 [TestNG-tests-1] INFO  testCases.TC001AccountRegistrationTest - ********-providing data in to registration form for --TC001AccountRegistrationTest---***
09:11:43.625 [TestNG-tests-2] INFO  testCases.TC001AccountRegistrationTest - ********-Starting-execution for --TC001AccountRegistrationTest---***
09:11:43.625 [TestNG-tests-2] INFO  testCases.TC001AccountRegistrationTest - ********- Navigating to registraion page--TC001AccountRegistrationTest---***
09:11:44.002 [TestNG-tests-2] INFO  testCases.TC001AccountRegistrationTest - ********-providing data in to registration form for --TC001AccountRegistrationTest---***
09:11:45.524 [TestNG-tests-1] INFO  testCases.TC001AccountRegistrationTest - ********-validating registraion success message --TC001AccountRegistrationTest---***
09:11:46.503 [TestNG-tests-2] INFO  testCases.TC001AccountRegistrationTest - ********-validating registraion success message --TC001AccountRegistrationTest---***
14:16:04.322 [TestNG-tests-1] INFO  testCases.TC001AccountRegistrationTest - ********-Starting-execution for --TC001AccountRegistrationTest---***
14:16:04.329 [TestNG-tests-1] INFO  testCases.TC001AccountRegistrationTest - ********- Navigating to registraion page--TC001AccountRegistrationTest---***
14:16:04.546 [TestNG-tests-1] INFO  testCases.TC001AccountRegistrationTest - ********-providing data in to registration form for --TC001AccountRegistrationTest---***
14:16:06.991 [TestNG-tests-1] INFO  testCases.TC001AccountRegistrationTest - ********-validating registraion success message --TC001AccountRegistrationTest---***
14:27:17.663 [TestNG-tests-1] INFO  testCases.TC001AccountRegistrationTest - ********-Starting-execution for --TC001AccountRegistrationTest---***
14:27:17.670 [TestNG-tests-1] INFO  testCases.TC001AccountRegistrationTest - ********- Navigating to registraion page--TC001AccountRegistrationTest---***
14:27:17.856 [TestNG-tests-1] INFO  testCases.TC001AccountRegistrationTest - ********-providing data in to registration form for --TC001AccountRegistrationTest---***
14:27:20.309 [TestNG-tests-1] INFO  testCases.TC001AccountRegistrationTest - ********-validating registraion success message --TC001AccountRegistrationTest---***
14:33:03.030 [TestNG-tests-1] INFO  testCases.TC001AccountRegistrationTest - ********-Starting-execution for --TC001AccountRegistrationTest---***
14:33:03.037 [TestNG-tests-1] INFO  testCases.TC001AccountRegistrationTest - ********- Navigating to registraion page--TC001AccountRegistrationTest---***
14:33:03.255 [TestNG-tests-1] INFO  testCases.TC001AccountRegistrationTest - ********-providing data in to registration form for --TC001AccountRegistrationTest---***
14:33:05.727 [TestNG-tests-1] INFO  testCases.TC001AccountRegistrationTest - ********-validating registraion success message --TC001AccountRegistrationTest---***
14:53:08.946 [TestNG-tests-1] INFO  testCases.TC001AccountRegistrationTest - ********-Starting-execution for --TC001AccountRegistrationTest---***
14:53:08.953 [TestNG-tests-1] INFO  testCases.TC001AccountRegistrationTest - ********- Navigating to registraion page--TC001AccountRegistrationTest---***
14:53:09.147 [TestNG-tests-1] INFO  testCases.TC001AccountRegistrationTest - ********-providing data in to registration form for --TC001AccountRegistrationTest---***
14:53:11.647 [TestNG-tests-1] INFO  testCases.TC001AccountRegistrationTest - ********-validating registraion success message --TC001AccountRegistrationTest---***
14:56:45.766 [TestNG-tests-1] INFO  testCases.TC001AccountRegistrationTest - ********-Starting-execution for --TC001AccountRegistrationTest---***
14:56:45.773 [TestNG-tests-1] INFO  testCases.TC001AccountRegistrationTest - ********- Navigating to registraion page--TC001AccountRegistrationTest---***
14:56:45.975 [TestNG-tests-1] INFO  testCases.TC001AccountRegistrationTest - ********-providing data in to registration form for --TC001AccountRegistrationTest---***
14:56:47.481 [TestNG-tests-2] INFO  testCases.TC001AccountRegistrationTest - ********-Starting-execution for --TC001AccountRegistrationTest---***
14:56:47.481 [TestNG-tests-2] INFO  testCases.TC001AccountRegistrationTest - ********- Navigating to registraion page--TC001AccountRegistrationTest---***
14:56:47.921 [TestNG-tests-2] INFO  testCases.TC001AccountRegistrationTest - ********-providing data in to registration form for --TC001AccountRegistrationTest---***
14:56:48.423 [TestNG-tests-1] INFO  testCases.TC001AccountRegistrationTest - ********-validating registraion success message --TC001AccountRegistrationTest---***
14:56:50.398 [TestNG-tests-2] INFO  testCases.TC001AccountRegistrationTest - ********-validating registraion success message --TC001AccountRegistrationTest---***
17:19:35.012 [main] INFO  testCases.TC001AccountRegistrationTest - ********-Starting-execution for --TC001AccountRegistrationTest---***
17:19:35.020 [main] INFO  testCases.TC001AccountRegistrationTest - ********- Navigating to registraion page--TC001AccountRegistrationTest---***
17:19:35.315 [main] INFO  testCases.TC001AccountRegistrationTest - ********-providing data in to registration form for --TC001AccountRegistrationTest---***
17:19:37.820 [main] INFO  testCases.TC001AccountRegistrationTest - ********-validating registraion success message --TC001AccountRegistrationTest---***
17:19:55.951 [TestNG-tests-1] INFO  testCases.TC001AccountRegistrationTest - ********-Starting-execution for --TC001AccountRegistrationTest---***
17:19:55.959 [TestNG-tests-1] INFO  testCases.TC001AccountRegistrationTest - ********- Navigating to registraion page--TC001AccountRegistrationTest---***
17:19:56.150 [TestNG-tests-1] INFO  testCases.TC001AccountRegistrationTest - ********-providing data in to registration form for --TC001AccountRegistrationTest---***
17:19:58.600 [TestNG-tests-1] INFO  testCases.TC001AccountRegistrationTest - ********-validating registraion success message --TC001AccountRegistrationTest---***
17:19:58.611 [TestNG-tests-2] INFO  testCases.TC001AccountRegistrationTest - ********-Starting-execution for --TC001AccountRegistrationTest---***
17:19:58.611 [TestNG-tests-2] INFO  testCases.TC001AccountRegistrationTest - ********- Navigating to registraion page--TC001AccountRegistrationTest---***
17:19:58.998 [TestNG-tests-2] INFO  testCases.TC001AccountRegistrationTest - ********-providing data in to registration form for --TC001AccountRegistrationTest---***
17:20:01.495 [TestNG-tests-2] INFO  testCases.TC001AccountRegistrationTest - ********-validating registraion success message --TC001AccountRegistrationTest---***
17:21:03.180 [TestNG-tests-1] INFO  testCases.TC001AccountRegistrationTest - ********-Starting-execution for --TC001AccountRegistrationTest---***
17:21:03.187 [TestNG-tests-1] INFO  testCases.TC001AccountRegistrationTest - ********- Navigating to registraion page--TC001AccountRegistrationTest---***
17:21:04.473 [TestNG-tests-2] INFO  testCases.TC001AccountRegistrationTest - ********-Starting-execution for --TC001AccountRegistrationTest---***
17:21:04.474 [TestNG-tests-2] INFO  testCases.TC001AccountRegistrationTest - ********- Navigating to registraion page--TC001AccountRegistrationTest---***
17:21:13.228 [TestNG-tests-1] INFO  testCases.TC001AccountRegistrationTest - ********-TC001AccountRegistrationTest failed---***
17:21:14.485 [TestNG-tests-2] INFO  testCases.TC001AccountRegistrationTest - ********-TC001AccountRegistrationTest failed---***
17:21:49.298 [TestNG-tests-1] INFO  testCases.TC001AccountRegistrationTest - ********-Starting-execution for --TC001AccountRegistrationTest---***
17:21:49.304 [TestNG-tests-1] INFO  testCases.TC001AccountRegistrationTest - ********- Navigating to registraion page--TC001AccountRegistrationTest---***
17:21:49.507 [TestNG-tests-1] INFO  testCases.TC001AccountRegistrationTest - ********-providing data in to registration form for --TC001AccountRegistrationTest---***
17:21:50.374 [TestNG-tests-2] INFO  testCases.TC001AccountRegistrationTest - ********-Starting-execution for --TC001AccountRegistrationTest---***
17:21:50.375 [TestNG-tests-2] INFO  testCases.TC001AccountRegistrationTest - ********- Navigating to registraion page--TC001AccountRegistrationTest---***
17:21:50.775 [TestNG-tests-2] INFO  testCases.TC001AccountRegistrationTest - ********-providing data in to registration form for --TC001AccountRegistrationTest---***
17:21:51.928 [TestNG-tests-1] INFO  testCases.TC001AccountRegistrationTest - ********-validating registraion success message --TC001AccountRegistrationTest---***
17:21:53.256 [TestNG-tests-2] INFO  testCases.TC001AccountRegistrationTest - ********-validating registraion success message --TC001AccountRegistrationTest---***
22:31:49.855 [main] INFO  testCases.TC001AccountRegistrationTest - ********-Starting-execution for --TC001AccountRegistrationTest---***
22:31:49.862 [main] INFO  testCases.TC001AccountRegistrationTest - ********- Navigating to registraion page--TC001AccountRegistrationTest---***
22:31:50.167 [main] INFO  testCases.TC001AccountRegistrationTest - ********-providing data in to registration form for --TC001AccountRegistrationTest---***
22:31:52.705 [main] INFO  testCases.TC001AccountRegistrationTest - ********-validating registraion success message --TC001AccountRegistrationTest---***
22:35:31.023 [TestNG-tests-1] INFO  testCases.TC001AccountRegistrationTest - ********-Starting-execution for --TC001AccountRegistrationTest---***
22:35:31.032 [TestNG-tests-1] INFO  testCases.TC001AccountRegistrationTest - ********- Navigating to registraion page--TC001AccountRegistrationTest---***
22:35:31.441 [TestNG-tests-1] INFO  testCases.TC001AccountRegistrationTest - ********-providing data in to registration form for --TC001AccountRegistrationTest---***
22:35:33.948 [TestNG-tests-2] INFO  testCases.TC001AccountRegistrationTest - ********-Starting-execution for --TC001AccountRegistrationTest---***
22:35:33.949 [TestNG-tests-2] INFO  testCases.TC001AccountRegistrationTest - ********- Navigating to registraion page--TC001AccountRegistrationTest---***
22:35:33.952 [TestNG-tests-1] INFO  testCases.TC001AccountRegistrationTest - ********-validating registraion success message --TC001AccountRegistrationTest---***
22:35:34.721 [TestNG-tests-2] INFO  testCases.TC001AccountRegistrationTest - ********-TC001AccountRegistrationTest failed---***
22:39:51.797 [TestNG-tests-1] INFO  testCases.TC001AccountRegistrationTest - ********-Starting-execution for --TC001AccountRegistrationTest---***
22:39:51.803 [TestNG-tests-1] INFO  testCases.TC001AccountRegistrationTest - ********- Navigating to registraion page--TC001AccountRegistrationTest---***
22:39:52.230 [TestNG-tests-1] INFO  testCases.TC001AccountRegistrationTest - ********-providing data in to registration form for --TC001AccountRegistrationTest---***
22:39:54.741 [TestNG-tests-2] INFO  testCases.TC001AccountRegistrationTest - ********-Starting-execution for --TC001AccountRegistrationTest---***
22:39:54.742 [TestNG-tests-2] INFO  testCases.TC001AccountRegistrationTest - ********- Navigating to registraion page--TC001AccountRegistrationTest---***
22:39:54.745 [TestNG-tests-1] INFO  testCases.TC001AccountRegistrationTest - ********-validating registraion success message --TC001AccountRegistrationTest---***
22:39:55.529 [TestNG-tests-2] INFO  testCases.TC001AccountRegistrationTest - ********-TC001AccountRegistrationTest failed---***
22:41:24.962 [main] INFO  testCases.TC001AccountRegistrationTest - ********-Starting-execution for --TC001AccountRegistrationTest---***
22:41:24.972 [main] INFO  testCases.TC001AccountRegistrationTest - ********- Navigating to registraion page--TC001AccountRegistrationTest---***
22:41:25.202 [main] INFO  testCases.TC001AccountRegistrationTest - ********-providing data in to registration form for --TC001AccountRegistrationTest---***
22:41:27.685 [main] INFO  testCases.TC001AccountRegistrationTest - ********-validating registraion success message --TC001AccountRegistrationTest---***
22:43:20.555 [main] INFO  testCases.TC001AccountRegistrationTest - ********-Starting-execution for --TC001AccountRegistrationTest---***
22:43:20.564 [main] INFO  testCases.TC001AccountRegistrationTest - ********- Navigating to registraion page--TC001AccountRegistrationTest---***
22:43:20.750 [main] INFO  testCases.TC001AccountRegistrationTest - ********-providing data in to registration form for --TC001AccountRegistrationTest---***
22:43:31.105 [main] INFO  testCases.TC001AccountRegistrationTest - ********-validating registraion success message --TC001AccountRegistrationTest---***
22:45:28.368 [main] INFO  testCases.TC001AccountRegistrationTest - ********-Starting-execution for --TC001AccountRegistrationTest---***
22:45:28.375 [main] INFO  testCases.TC001AccountRegistrationTest - ********- Navigating to registraion page--TC001AccountRegistrationTest---***
22:45:28.752 [main] INFO  testCases.TC001AccountRegistrationTest - ********-providing data in to registration form for --TC001AccountRegistrationTest---***
22:45:39.200 [main] INFO  testCases.TC001AccountRegistrationTest - ********-validating registraion success message --TC001AccountRegistrationTest---***
16:44:23.604 [main] INFO  testCases.TC002LoginTest - ********-Starting-execution for --TC002LOGINTest---***
16:44:23.782 [main] INFO  testCases.TC002LoginTest - ********-Arrived at Login page --TC002LOGINTest---***
16:44:23.783 [main] INFO  testCases.TC002LoginTest - ********-providing data in to login page from config.property file---***
16:44:24.023 [main] INFO  testCases.TC002LoginTest - ********-validating my account page for header text ---***
16:44:24.025 [main] INFO  testCases.TC002LoginTest - ********-Finished RUNNING tC002-lOGIN tEST ---***
00:18:20.207 [main] INFO  testCases.TC003LoginTest_DDT - ********-Starting-TC003LoginTest_DDT---***
00:18:20.402 [main] INFO  testCases.TC003LoginTest_DDT - ********-providing data in to login page from data provider---***
00:18:20.753 [main] INFO  testCases.TC003LoginTest_DDT - ********-Finished RUNNING -TC003LoginTest_DDT ---***
00:18:20.759 [main] INFO  testCases.TC003LoginTest_DDT - ********-Starting-TC003LoginTest_DDT---***
00:18:20.927 [main] INFO  testCases.TC003LoginTest_DDT - ********-providing data in to login page from data provider---***
00:18:31.131 [main] INFO  testCases.TC003LoginTest_DDT - ********-Finished RUNNING -TC003LoginTest_DDT ---***
00:18:31.131 [main] INFO  testCases.TC003LoginTest_DDT - ********-Starting-TC003LoginTest_DDT---***
00:18:31.291 [main] INFO  testCases.TC003LoginTest_DDT - ********-providing data in to login page from data provider---***
00:18:41.507 [main] INFO  testCases.TC003LoginTest_DDT - ********-Finished RUNNING -TC003LoginTest_DDT ---***
00:18:41.507 [main] INFO  testCases.TC003LoginTest_DDT - ********-Starting-TC003LoginTest_DDT---***
00:18:41.640 [main] INFO  testCases.TC003LoginTest_DDT - ********-providing data in to login page from data provider---***
00:18:42.041 [main] INFO  testCases.TC003LoginTest_DDT - ********-Finished RUNNING -TC003LoginTest_DDT ---***
